<?xml version="1.0" encoding="UTF-8"?>
<!-- Generated by org.testng.reporters.JUnitXMLReporter -->
<testsuite ignored="3" hostname="LAPTOP-KFN0L23O" failures="0" tests="8" name="Car Loan" time="0.042" errors="0" timestamp="2025-08-29T13:50:30 IST">
  <testcase classname="TestPackage.Day3" name="Day3Smoke" time="0.001"/>
  <testcase classname="TestPackage.Day3" name="LoginAPICarLoan" time="0.003"/>
  <testcase classname="TestPackage.Day3" name="getDataProvider" time="0.003"/>
  <testcase classname="TestPackage.Day3" name="getDataProvider" time="0.001"/>
  <testcase classname="TestPackage.Day3" name="getDataProvider" time="0.0"/>
  <testcase classname="TestPackage.Day3" name="notDepends" time="0.001"/>
  <testcase classname="TestPackage.Day3" name="webLoginCarLoan" time="0.001"/>
  <testcase classname="TestPackage.Day3" name="dependsOn" time="0.001"/>
  <testcase classname="TestPackage.Day3" name="MobileLoginCarLoan123" time="0.0">
    <ignored/>
  </testcase> <!-- MobileLoginCarLoan123 -->
  <testcase classname="TestPackage.Day3" name="MobileLoginCarLoan1" time="0.0">
    <ignored/>
  </testcase> <!-- MobileLoginCarLoan1 -->
  <testcase classname="TestPackage.Day3" name="MobileLoginCarLoan" time="0.0">
    <ignored/>
  </testcase> <!-- MobileLoginCarLoan -->
</testsuite> <!-- Car Loan -->
