<?xml version="1.0" encoding="UTF-8"?>
<!-- Generated by org.testng.reporters.JUnitXMLReporter -->
<testsuite ignored="14" hostname="LAPTOP-KFN0L23O" failures="0" tests="3" name="Regression" time="0.048" errors="0" timestamp="2025-08-28T17:17:29 IST">
  <testcase classname="TestPackage.Day2New" name="Day2Smoke" time="0.007"/>
  <testcase classname="TestPackage.Day4" name="Day4Smoke" time="0.001"/>
  <testcase classname="TestPackage.Day3" name="Day3Smoke" time="0.003"/>
  <testcase classname="TestPackage.Day3" name="LoginAPICarLoan" time="0.0">
    <ignored/>
  </testcase> <!-- LoginAPICarLoan -->
  <testcase classname="TestPackage.Day2New" name="Day2" time="0.0">
    <ignored/>
  </testcase> <!-- Day2 -->
  <testcase classname="TestPackage.Day1New" name="FirstTest" time="0.0">
    <ignored/>
  </testcase> <!-- FirstTest -->
  <testcase classname="TestPackage.Day3" name="MobileLoginCarLoan123" time="0.0">
    <ignored/>
  </testcase> <!-- MobileLoginCarLoan123 -->
  <testcase classname="TestPackage.Day3" name="MobileLoginCarLoan1" time="0.0">
    <ignored/>
  </testcase> <!-- MobileLoginCarLoan1 -->
  <testcase classname="TestPackage.Day4" name="webLoginHomeLoan" time="0.0">
    <ignored/>
  </testcase> <!-- webLoginHomeLoan -->
  <testcase classname="TestPackage.Day4" name="MobileLoginHomeLoan" time="0.0">
    <ignored/>
  </testcase> <!-- MobileLoginHomeLoan -->
  <testcase classname="TestPackage.Day4" name="LoginAPIHomeLoan" time="0.0">
    <ignored/>
  </testcase> <!-- LoginAPIHomeLoan -->
  <testcase classname="TestPackage.Day3" name="MobileLoginCarLoan" time="0.0">
    <ignored/>
  </testcase> <!-- MobileLoginCarLoan -->
  <testcase classname="TestPackage.Day3" name="notDepends" time="0.0">
    <ignored/>
  </testcase> <!-- notDepends -->
  <testcase classname="TestPackage.Day1New" name="thirdTest" time="0.0">
    <ignored/>
  </testcase> <!-- thirdTest -->
  <testcase classname="TestPackage.Day3" name="dependsOn" time="0.0">
    <ignored/>
  </testcase> <!-- dependsOn -->
  <testcase classname="TestPackage.Day1New" name="SecondTest" time="0.0">
    <ignored/>
  </testcase> <!-- SecondTest -->
  <testcase classname="TestPackage.Day3" name="webLoginCarLoan" time="0.0">
    <ignored/>
  </testcase> <!-- webLoginCarLoan -->
</testsuite> <!-- Regression -->
