<?xml version="1.0" encoding="UTF-8"?>
<testng-results ignored="6" total="24" passed="18" failed="0" skipped="0">
  <reporter-output>
  </reporter-output>
  <suite started-at="2025-08-29T13:50:30 IST" name="Suite" finished-at="2025-08-29T13:50:30 IST" duration-ms="203">
    <groups>
      <group name="Smoke">
        <method signature="Day4.Day4Smoke()[pri:0, instance:TestPackage.Day4@78691363]" name="Day4Smoke" class="TestPackage.Day4"/>
        <method signature="Day2New.Day2Smoke()[pri:0, instance:TestPackage.Day2New@1bb5a082]" name="Day2Smoke" class="TestPackage.Day2New"/>
        <method signature="Day3.Day3Smoke()[pri:0, instance:TestPackage.Day3@55b0dcab]" name="Day3Smoke" class="TestPackage.Day3"/>
      </group> <!-- Smoke -->
    </groups>
    <test started-at="2025-08-29T13:50:30 IST" name="Personal Loan" finished-at="2025-08-29T13:50:30 IST" duration-ms="90">
      <class name="TestPackage.Day4">
        <test-method signature="Day4Smoke()[pri:0, instance:TestPackage.Day4@78691363]" started-at="2025-08-29T13:50:30 IST" name="Day4Smoke" finished-at="2025-08-29T13:50:30 IST" duration-ms="1" status="PASS">
          <reporter-output>
          </reporter-output>
        </test-method> <!-- Day4Smoke -->
        <test-method signature="LoginAPIHomeLoan()[pri:0, instance:TestPackage.Day4@78691363]" started-at="2025-08-29T13:50:30 IST" name="LoginAPIHomeLoan" finished-at="2025-08-29T13:50:30 IST" duration-ms="1" status="PASS">
          <reporter-output>
          </reporter-output>
        </test-method> <!-- LoginAPIHomeLoan -->
        <test-method signature="MobileLoginHomeLoan()[pri:0, instance:TestPackage.Day4@78691363]" started-at="2025-08-29T13:50:30 IST" name="MobileLoginHomeLoan" finished-at="2025-08-29T13:50:30 IST" duration-ms="2" status="PASS">
          <reporter-output>
          </reporter-output>
        </test-method> <!-- MobileLoginHomeLoan -->
        <test-method signature="webLoginHomeLoan()[pri:0, instance:TestPackage.Day4@78691363]" started-at="2025-08-29T13:50:30 IST" name="webLoginHomeLoan" finished-at="2025-08-29T13:50:30 IST" duration-ms="2" status="PASS">
          <reporter-output>
          </reporter-output>
        </test-method> <!-- webLoginHomeLoan -->
      </class> <!-- TestPackage.Day4 -->
      <class name="TestPackage.Day2New">
        <test-method is-config="true" signature="prerequisite()[pri:0, instance:TestPackage.Day2New@1bb5a082]" started-at="2025-08-29T13:50:30 IST" name="prerequisite" finished-at="2025-08-29T13:50:30 IST" duration-ms="0" status="PASS">
          <reporter-output>
          </reporter-output>
        </test-method> <!-- prerequisite -->
        <test-method signature="notDepends2()[pri:0, instance:TestPackage.Day2New@1bb5a082]" started-at="2025-08-29T13:50:30 IST" name="notDepends2" finished-at="2025-08-29T13:50:30 IST" duration-ms="2" status="PASS">
          <reporter-output>
          </reporter-output>
        </test-method> <!-- notDepends2 -->
        <test-method signature="Day2()[pri:0, instance:TestPackage.Day2New@1bb5a082]" started-at="2025-08-29T13:50:30 IST" name="Day2" finished-at="2025-08-29T13:50:30 IST" duration-ms="2" status="PASS">
          <reporter-output>
          </reporter-output>
        </test-method> <!-- Day2 -->
        <test-method signature="Day2Smoke()[pri:0, instance:TestPackage.Day2New@1bb5a082]" started-at="2025-08-29T13:50:30 IST" name="Day2Smoke" finished-at="2025-08-29T13:50:30 IST" duration-ms="1" status="PASS">
          <reporter-output>
          </reporter-output>
        </test-method> <!-- Day2Smoke -->
        <test-method signature="timeOutTestNG()[pri:0, instance:TestPackage.Day2New@1bb5a082]" started-at="2025-08-29T13:50:30 IST" name="timeOutTestNG" finished-at="2025-08-29T13:50:30 IST" duration-ms="6" status="PASS">
          <reporter-output>
          </reporter-output>
        </test-method> <!-- timeOutTestNG -->
        <test-method signature="dependsOn2()[pri:0, instance:TestPackage.Day2New@1bb5a082]" started-at="2025-08-29T13:50:30 IST" name="dependsOn2" finished-at="2025-08-29T13:50:30 IST" depends-on-methods="TestPackage.Day2New.notDepends2" duration-ms="2" status="PASS">
          <reporter-output>
          </reporter-output>
        </test-method> <!-- dependsOn2 -->
      </class> <!-- TestPackage.Day2New -->
      <class name="TestPackage.Day1New">
        <test-method signature="FirstTest()[pri:0, instance:TestPackage.Day1New@73a1e9a9]" started-at="2025-08-29T13:50:30 IST" name="FirstTest" finished-at="2025-08-29T13:50:30 IST" duration-ms="4" status="PASS">
          <reporter-output>
          </reporter-output>
        </test-method> <!-- FirstTest -->
        <test-method is-config="true" signature="lastExectuion()[pri:0, instance:TestPackage.Day1New@73a1e9a9]" started-at="2025-08-29T13:50:30 IST" name="lastExectuion" finished-at="2025-08-29T13:50:30 IST" duration-ms="3" status="PASS">
          <reporter-output>
          </reporter-output>
        </test-method> <!-- lastExectuion -->
      </class> <!-- TestPackage.Day1New -->
    </test> <!-- Personal Loan -->
    <test started-at="2025-08-29T13:50:30 IST" name="Car Loan" finished-at="2025-08-29T13:50:30 IST" duration-ms="42">
      <class name="TestPackage.Day3">
        <test-method is-config="true" signature="beforeSuite()[pri:0, instance:TestPackage.Day3@55b0dcab]" started-at="2025-08-29T13:50:30 IST" name="beforeSuite" finished-at="2025-08-29T13:50:30 IST" duration-ms="7" status="PASS">
          <reporter-output>
          </reporter-output>
        </test-method> <!-- beforeSuite -->
        <test-method is-config="true" signature="prerequisite()[pri:0, instance:TestPackage.Day3@55b0dcab]" started-at="2025-08-29T13:50:30 IST" name="prerequisite" finished-at="2025-08-29T13:50:30 IST" duration-ms="1" status="PASS">
          <reporter-output>
          </reporter-output>
        </test-method> <!-- prerequisite -->
        <test-method is-config="true" signature="beforeClass()[pri:0, instance:TestPackage.Day3@55b0dcab]" started-at="2025-08-29T13:50:30 IST" name="beforeClass" finished-at="2025-08-29T13:50:30 IST" duration-ms="1" status="PASS">
          <reporter-output>
          </reporter-output>
        </test-method> <!-- beforeClass -->
        <test-method is-config="true" signature="beforeMethod()[pri:0, instance:TestPackage.Day3@55b0dcab]" started-at="2025-08-29T13:50:30 IST" name="beforeMethod" finished-at="2025-08-29T13:50:30 IST" duration-ms="1" status="PASS">
          <reporter-output>
          </reporter-output>
        </test-method> <!-- beforeMethod -->
        <test-method signature="Day3Smoke()[pri:0, instance:TestPackage.Day3@55b0dcab]" started-at="2025-08-29T13:50:30 IST" name="Day3Smoke" finished-at="2025-08-29T13:50:30 IST" duration-ms="1" status="PASS">
          <reporter-output>
          </reporter-output>
        </test-method> <!-- Day3Smoke -->
        <test-method is-config="true" signature="afterMethod()[pri:0, instance:TestPackage.Day3@55b0dcab]" started-at="2025-08-29T13:50:30 IST" name="afterMethod" finished-at="2025-08-29T13:50:30 IST" duration-ms="1" status="PASS">
          <reporter-output>
          </reporter-output>
        </test-method> <!-- afterMethod -->
        <test-method signature="LoginAPICarLoan(java.lang.String)[pri:0, instance:TestPackage.Day3@55b0dcab]" started-at="2025-08-29T13:50:30 IST" name="LoginAPICarLoan" finished-at="2025-08-29T13:50:30 IST" duration-ms="3" status="PASS">
          <params>
            <param index="0">
              <value>
                <![CDATA[qaclickacdemy.com]]>
              </value>
            </param>
          </params>
          <reporter-output>
          </reporter-output>
        </test-method> <!-- LoginAPICarLoan -->
        <test-method is-config="true" signature="beforeMethod()[pri:0, instance:TestPackage.Day3@55b0dcab]" started-at="2025-08-29T13:50:30 IST" name="beforeMethod" finished-at="2025-08-29T13:50:30 IST" duration-ms="0" status="PASS">
          <reporter-output>
          </reporter-output>
        </test-method> <!-- beforeMethod -->
        <test-method is-config="true" signature="afterMethod()[pri:0, instance:TestPackage.Day3@55b0dcab]" started-at="2025-08-29T13:50:30 IST" name="afterMethod" finished-at="2025-08-29T13:50:30 IST" duration-ms="0" status="PASS">
          <reporter-output>
          </reporter-output>
        </test-method> <!-- afterMethod -->
        <test-method signature="getDataProvider(java.lang.String,java.lang.String)[pri:0, instance:TestPackage.Day3@55b0dcab]" started-at="2025-08-29T13:50:30 IST" name="getDataProvider" data-provider="getData" finished-at="2025-08-29T13:50:30 IST" duration-ms="3" status="PASS">
          <params>
            <param index="0">
              <value>
                <![CDATA[firstSetUserName]]>
              </value>
            </param>
            <param index="1">
              <value>
                <![CDATA[firstPassword]]>
              </value>
            </param>
          </params>
          <reporter-output>
          </reporter-output>
        </test-method> <!-- getDataProvider -->
        <test-method is-config="true" signature="beforeMethod()[pri:0, instance:TestPackage.Day3@55b0dcab]" started-at="2025-08-29T13:50:30 IST" name="beforeMethod" finished-at="2025-08-29T13:50:30 IST" duration-ms="0" status="PASS">
          <reporter-output>
          </reporter-output>
        </test-method> <!-- beforeMethod -->
        <test-method is-config="true" signature="afterMethod()[pri:0, instance:TestPackage.Day3@55b0dcab]" started-at="2025-08-29T13:50:30 IST" name="afterMethod" finished-at="2025-08-29T13:50:30 IST" duration-ms="1" status="PASS">
          <reporter-output>
          </reporter-output>
        </test-method> <!-- afterMethod -->
        <test-method signature="getDataProvider(java.lang.String,java.lang.String)[pri:0, instance:TestPackage.Day3@55b0dcab]" started-at="2025-08-29T13:50:30 IST" name="getDataProvider" data-provider="getData" finished-at="2025-08-29T13:50:30 IST" duration-ms="1" status="PASS">
          <params>
            <param index="0">
              <value>
                <![CDATA[secondSetUserName]]>
              </value>
            </param>
            <param index="1">
              <value>
                <![CDATA[secondPassword]]>
              </value>
            </param>
          </params>
          <reporter-output>
          </reporter-output>
        </test-method> <!-- getDataProvider -->
        <test-method is-config="true" signature="beforeMethod()[pri:0, instance:TestPackage.Day3@55b0dcab]" started-at="2025-08-29T13:50:30 IST" name="beforeMethod" finished-at="2025-08-29T13:50:30 IST" duration-ms="0" status="PASS">
          <reporter-output>
          </reporter-output>
        </test-method> <!-- beforeMethod -->
        <test-method is-config="true" signature="afterMethod()[pri:0, instance:TestPackage.Day3@55b0dcab]" started-at="2025-08-29T13:50:30 IST" name="afterMethod" finished-at="2025-08-29T13:50:30 IST" duration-ms="1" status="PASS">
          <reporter-output>
          </reporter-output>
        </test-method> <!-- afterMethod -->
        <test-method is-config="true" signature="beforeMethod()[pri:0, instance:TestPackage.Day3@55b0dcab]" started-at="2025-08-29T13:50:30 IST" name="beforeMethod" finished-at="2025-08-29T13:50:30 IST" duration-ms="0" status="PASS">
          <reporter-output>
          </reporter-output>
        </test-method> <!-- beforeMethod -->
        <test-method signature="getDataProvider(java.lang.String,java.lang.String)[pri:0, instance:TestPackage.Day3@55b0dcab]" started-at="2025-08-29T13:50:30 IST" name="getDataProvider" data-provider="getData" finished-at="2025-08-29T13:50:30 IST" duration-ms="0" status="PASS">
          <params>
            <param index="0">
              <value>
                <![CDATA[thirdSetUserName]]>
              </value>
            </param>
            <param index="1">
              <value>
                <![CDATA[thirdPassword]]>
              </value>
            </param>
          </params>
          <reporter-output>
          </reporter-output>
        </test-method> <!-- getDataProvider -->
        <test-method is-config="true" signature="afterMethod()[pri:0, instance:TestPackage.Day3@55b0dcab]" started-at="2025-08-29T13:50:30 IST" name="afterMethod" finished-at="2025-08-29T13:50:30 IST" duration-ms="0" status="PASS">
          <reporter-output>
          </reporter-output>
        </test-method> <!-- afterMethod -->
        <test-method signature="notDepends()[pri:0, instance:TestPackage.Day3@55b0dcab]" started-at="2025-08-29T13:50:30 IST" name="notDepends" finished-at="2025-08-29T13:50:30 IST" duration-ms="1" status="PASS">
          <reporter-output>
          </reporter-output>
        </test-method> <!-- notDepends -->
        <test-method is-config="true" signature="beforeMethod()[pri:0, instance:TestPackage.Day3@55b0dcab]" started-at="2025-08-29T13:50:30 IST" name="beforeMethod" finished-at="2025-08-29T13:50:30 IST" duration-ms="0" status="PASS">
          <reporter-output>
          </reporter-output>
        </test-method> <!-- beforeMethod -->
        <test-method is-config="true" signature="afterMethod()[pri:0, instance:TestPackage.Day3@55b0dcab]" started-at="2025-08-29T13:50:30 IST" name="afterMethod" finished-at="2025-08-29T13:50:30 IST" duration-ms="1" status="PASS">
          <reporter-output>
          </reporter-output>
        </test-method> <!-- afterMethod -->
        <test-method is-config="true" signature="beforeMethod()[pri:0, instance:TestPackage.Day3@55b0dcab]" started-at="2025-08-29T13:50:30 IST" name="beforeMethod" finished-at="2025-08-29T13:50:30 IST" duration-ms="1" status="PASS">
          <reporter-output>
          </reporter-output>
        </test-method> <!-- beforeMethod -->
        <test-method signature="webLoginCarLoan()[pri:0, instance:TestPackage.Day3@55b0dcab]" started-at="2025-08-29T13:50:30 IST" name="webLoginCarLoan" finished-at="2025-08-29T13:50:30 IST" duration-ms="1" status="PASS">
          <reporter-output>
          </reporter-output>
        </test-method> <!-- webLoginCarLoan -->
        <test-method is-config="true" signature="afterMethod()[pri:0, instance:TestPackage.Day3@55b0dcab]" started-at="2025-08-29T13:50:30 IST" name="afterMethod" finished-at="2025-08-29T13:50:30 IST" duration-ms="0" status="PASS">
          <reporter-output>
          </reporter-output>
        </test-method> <!-- afterMethod -->
        <test-method is-config="true" signature="beforeMethod()[pri:0, instance:TestPackage.Day3@55b0dcab]" started-at="2025-08-29T13:50:30 IST" name="beforeMethod" finished-at="2025-08-29T13:50:30 IST" duration-ms="1" status="PASS">
          <reporter-output>
          </reporter-output>
        </test-method> <!-- beforeMethod -->
        <test-method signature="dependsOn()[pri:0, instance:TestPackage.Day3@55b0dcab]" started-at="2025-08-29T13:50:30 IST" name="dependsOn" finished-at="2025-08-29T13:50:30 IST" depends-on-methods="TestPackage.Day3.notDepends" duration-ms="1" status="PASS">
          <reporter-output>
          </reporter-output>
        </test-method> <!-- dependsOn -->
        <test-method is-config="true" signature="AfterClass()[pri:0, instance:TestPackage.Day3@55b0dcab]" started-at="2025-08-29T13:50:30 IST" name="AfterClass" finished-at="2025-08-29T13:50:30 IST" duration-ms="0" status="PASS">
          <reporter-output>
          </reporter-output>
        </test-method> <!-- AfterClass -->
        <test-method is-config="true" signature="afterMethod()[pri:0, instance:TestPackage.Day3@55b0dcab]" started-at="2025-08-29T13:50:30 IST" name="afterMethod" finished-at="2025-08-29T13:50:30 IST" duration-ms="0" status="PASS">
          <reporter-output>
          </reporter-output>
        </test-method> <!-- afterMethod -->
        <test-method is-config="true" signature="afterSuite()[pri:0, instance:TestPackage.Day3@55b0dcab]" started-at="2025-08-29T13:50:30 IST" name="afterSuite" finished-at="2025-08-29T13:50:30 IST" duration-ms="1" status="PASS">
          <reporter-output>
          </reporter-output>
        </test-method> <!-- afterSuite -->
      </class> <!-- TestPackage.Day3 -->
    </test> <!-- Car Loan -->
  </suite> <!-- Suite -->
</testng-results>
